"--- debut du fichier --- "  ;
logon de e1200218 sur FST-I37-PC24 le 18/01/2017 a  7:49:46,57 
logon de e1401197 sur FST-I37-PC19 le 18/01/2017 a  7:51:14,96 
logon de e1600678 sur FST-I37-PC31 le 18/01/2017 a  7:52:14,56 
logon de e1500594 sur FST-I37-PC18 le 18/01/2017 a  7:56:41,61 
logon de e1402821 sur FST-I37-PC30 le 18/01/2017 a  7:57:55,24 
logon de e1600046 sur FST-I37-PC09 le 18/01/2017 a  7:58:05,18 
logon de e1001027 sur FST-I37-PC12 le 18/01/2017 a  8:00:41,12 
logon de e1401196 sur FST-I37-PC25 le 18/01/2017 a  8:02:06,85 
logon de e1601346 sur FST-I37-PC28 le 18/01/2017 a  8:03:04,18 
logon de e1503230 sur FST-I37-PC36 le 18/01/2017 a  8:03:30,86 
logon de e1201214 sur FST-I37-PC22 le 18/01/2017 a  8:04:19,24 
logon de e1502965 sur FST-I37-PC17 le 18/01/2017 a  8:04:58,92 
logon de e1602234 sur FST-I37-PC15 le 18/01/2017 a  8:08:30,03 
logon de e1401338 sur FST-I37-PC32 le 18/01/2017 a  8:10:03,61 
logon de e1401196 sur FST-I37-PC25 le 18/01/2017 a  8:10:17,43 
logon de e1602852 sur FST-I37-PC37 le 18/01/2017 a  8:12:25,27 
logon de e1302462 sur FST-I37-PC02 le 18/01/2017 a  8:13:47,00 
logon de e1602866 sur FST-I37-PC39 le 18/01/2017 a  8:14:00,21 
logon de e1202899 sur FST-I37-PC26 le 18/01/2017 a  8:15:55,92 
logon de e1502396 sur FST-I37-PC38 le 18/01/2017 a  8:16:20,57 
logon de e1501550 sur FST-K8-PC03 le 18/01/2017 a  8:19:18,08 
logon de etudiant2.fst sur FST-K107-PC01 le 18/01/2017 a  8:51:10,81 
logon de etudiant2.fst sur FST-K107-PC01 le 18/01/2017 a  9:31:04,98 
logon de etudiant3.fst sur FST-K107-PC01 le 18/01/2017 a  9:34:45,34 
logon de etudiant2.fst sur FST-K107-PC01 le 18/01/2017 a  9:48:43,50 
logon de e1302937 sur FST-I39-PC22 le 18/01/2017 a 10:07:18,53 
logon de e1404959 sur FST-I37-PC16 le 18/01/2017 a 10:07:52,74 
logon de e1001532 sur FST-I39-PC25 le 18/01/2017 a 10:07:56,91 
logon de e0803164 sur FST-I39-PC12 le 18/01/2017 a 10:08:33,27 
logon de e0801043 sur FST-I39-PC24 le 18/01/2017 a 10:11:45,75 
logon de e1200814 sur FST-I39-PC21 le 18/01/2017 a 10:12:17,28 
logon de e1502625 sur FST-I39-PC06 le 18/01/2017 a 10:12:49,36 
logon de e1201677 sur FST-I39-PC17 le 18/01/2017 a 10:13:15,97 
logon de e1302500 sur FST-I39-PC27 le 18/01/2017 a 10:14:01,53 
logon de e1402835 sur FST-I39-PC14 le 18/01/2017 a 10:14:07,29 
logon de e1200800 sur FST-I39-PC15 le 18/01/2017 a 10:14:11,06 
logon de e1103009 sur FST-I39-PC23 le 18/01/2017 a 10:14:21,43 
logon de e1402653 sur FST-I37-PC26 le 18/01/2017 a 10:14:52,75 
logon de e1000846 sur FST-I39-PC18 le 18/01/2017 a 10:16:32,92 
logon de e1100787 sur FST-I39-PC16 le 18/01/2017 a 10:17:02,34 
logon de e1600046 sur FST-I37-PC09 le 18/01/2017 a 10:17:26,84 
logon de e1503561 sur FST-I39-PC10 le 18/01/2017 a 10:17:41,87 
logon de e1503566 sur FST-I39-PC26 le 18/01/2017 a 10:18:01,57 
logon de e1203362 sur FST-I39-PC11 le 18/01/2017 a 10:18:55,81 
logon de e1201215 sur FST-I39-PC13 le 18/01/2017 a 10:19:07,55 
logon de e1402835 sur FST-I39-PC15 le 18/01/2017 a 10:19:32,74 
logon de e1202899 sur FST-I37-PC23 le 18/01/2017 a 10:19:53,08 
logon de e1401608 sur IUTMLABELPC0005 le 18/01/2017 a 10:22:52,28 
logon de e1500949 sur FST-K8-PC03 le 18/01/2017 a 10:25:19,95 
logon de e1102256 sur FST-I39-PC03 le 18/01/2017 a 10:26:31,19 
logon de e0902423 sur FST-I39-PC01 le 18/01/2017 a 10:32:58,41 
logon de e1601991 sur FST-I37-PC33 le 18/01/2017 a 10:47:55,97 
logon de etudiant2.fst sur FST-K107-PC01 le 18/01/2017 a 10:47:57,15 
logon de e1201066 sur FST-K8-PC08 le 18/01/2017 a 10:49:09,30 
logon de e1102256 sur FST-I39-PC02 le 18/01/2017 a 11:02:19,65 
logon de e1500949 sur FST-K8-PC03 le 18/01/2017 a 11:32:03,39 
logon de e1302509 sur FST-K8-PC11 le 18/01/2017 a 11:37:01,42 
logon de e1202899 sur FST-I37-PC23 le 18/01/2017 a 11:59:36,37 
logon de e1603361 sur FST-K8-PC11 le 18/01/2017 a 12:03:58,89 
logon de e1501389 sur FST-K8-PC08 le 18/01/2017 a 12:26:45,79 
logon de e0801043 sur FST-I39-PC24 le 18/01/2017 a 12:31:31,31 
logon de e1501389 sur FST-K8-PC08 le 18/01/2017 a 12:38:02,80 
logon de e1001532 sur FST-I39-PC25 le 18/01/2017 a 12:46:17,20 
logon de e1200814 sur FST-I39-PC21 le 18/01/2017 a 12:52:36,83 
logon de e1201045 sur FST-I39-PC20 le 18/01/2017 a 12:56:27,59 
logon de e1102256 sur FST-I37-PC02 le 18/01/2017 a 13:17:30,30 
logon de e1100787 sur FST-I39-PC17 le 18/01/2017 a 13:18:38,46 
logon de e1102256 sur FST-I39-PC22 le 18/01/2017 a 13:19:48,10 
logon de e1200800 sur FST-I39-PC15 le 18/01/2017 a 13:21:35,22 
logon de e1601481 sur FST-I37-PC28 le 18/01/2017 a 13:24:43,36 
logon de e1400336 sur FST-I37-PC29 le 18/01/2017 a 13:25:52,56 
logon de e1603035 sur FST-K8-PC03 le 18/01/2017 a 13:31:28,59 
logon de e1201677 sur FST-I39-PC16 le 18/01/2017 a 13:32:41,34 
logon de e1303996 sur FST-I37-PC40 le 18/01/2017 a 13:36:14,50 
logon de e1601381 sur FST-I37-PC36 le 18/01/2017 a 13:38:11,40 
logon de e1401608 sur IUTMGEII103PC01 le 18/01/2017 a 13:39:33,89 
logon de e1400336 sur FST-I37-PC36 le 18/01/2017 a 13:42:44,91 
logon de e1402835 sur FST-I39-PC14 le 18/01/2017 a 13:46:46,56 
logon de e1601481 sur FST-I37-PC33 le 18/01/2017 a 13:46:55,42 
logon de e1400336 sur FST-I37-PC32 le 18/01/2017 a 13:47:09,02 
logon de e1502625 sur FST-I39-PC26 le 18/01/2017 a 14:12:17,75 
logon de e1503173 sur FST-I39-PC13 le 18/01/2017 a 14:19:27,70 
logon de e1102256 sur FST-I39-PC01 le 18/01/2017 a 14:59:58,32 
logon de e1603772 sur FST-K8-PC11 le 18/01/2017 a 15:24:47,71 
logon de e1502779 sur FST-K8-PC08 le 18/01/2017 a 15:29:29,55 
