"--- debut du fichier --- " 
logoff de e1401196 sur FST-I37-PC25 le 18/01/2017 a  8:07:48,08 
logoff de etudiant2.fst sur FST-K107-PC01 le 18/01/2017 a  8:53:56,16 
logoff de etudiant2.fst sur FST-K107-PC01 le 18/01/2017 a  9:34:18,15 
logoff de etudiant3.fst sur FST-K107-PC01 le 18/01/2017 a  9:37:22,76 
logoff de e1402821 sur FST-I37-PC30 le 18/01/2017 a  9:52:03,64 
logoff de etudiant2.fst sur FST-K107-PC01 le 18/01/2017 a  9:52:34,12 
logoff de e1501550 sur FST-K8-PC03 le 18/01/2017 a  9:56:48,07 
logoff de e1600046 sur FST-I37-PC09 le 18/01/2017 a  9:57:49,32 
logoff de e1202899 sur FST-I37-PC26 le 18/01/2017 a  9:59:43,62 
logoff de e1200218 sur FST-I37-PC24 le 18/01/2017 a 10:00:34,53 
logoff de e1601346 sur FST-I37-PC28 le 18/01/2017 a 10:01:05,11 
logoff de e1200800 sur FST-I39-PC15 le 18/01/2017 a 10:19:07,95 
logoff de e0803164 sur FST-I39-PC12 le 18/01/2017 a 10:37:16,82 
logoff de e1600046 sur FST-I37-PC09 le 18/01/2017 a 10:47:15,29 
logoff de e1102256 sur FST-I39-PC03 le 18/01/2017 a 10:54:47,13 
logoff de e1500949 sur FST-K8-PC03 le 18/01/2017 a 11:19:02,00 
logoff de e1102256 sur FST-I39-PC02 le 18/01/2017 a 11:36:07,61 
logoff de etudiant2.fst sur FST-K107-PC01 le 18/01/2017 a 11:41:25,99 
logoff de e1502625 sur FST-I39-PC06 le 18/01/2017 a 11:59:33,85 
logoff de e1500949 sur FST-K8-PC03 le 18/01/2017 a 12:00:15,92 
logoff de e1302509 sur FST-K8-PC11 le 18/01/2017 a 12:03:19,04 
logoff de e0902423 sur FST-I39-PC01 le 18/01/2017 a 12:04:10,43 
logoff de e1302937 sur FST-I39-PC22 le 18/01/2017 a 12:05:30,31 
logoff de e0801043 sur FST-I39-PC24 le 18/01/2017 a 12:07:15,25 
logoff de e1201677 sur FST-I39-PC17 le 18/01/2017 a 12:07:28,24 
logoff de e1001532 sur FST-I39-PC25 le 18/01/2017 a 12:07:28,55 
logoff de e1201215 sur FST-I39-PC13 le 18/01/2017 a 12:08:25,55 
logoff de e1503561 sur FST-I39-PC10 le 18/01/2017 a 12:08:41,85 
logoff de e1203362 sur FST-I39-PC11 le 18/01/2017 a 12:09:38,64 
logoff de e1603361 sur FST-K8-PC11 le 18/01/2017 a 12:09:50,69 
logoff de e1402835 sur FST-I39-PC14 le 18/01/2017 a 12:10:52,72 
logoff de e1200814 sur FST-I39-PC21 le 18/01/2017 a 12:11:27,88 
logoff de e1402835 sur FST-I39-PC15 le 18/01/2017 a 12:12:00,12 
logoff de e1601991 sur FST-I37-PC33 le 18/01/2017 a 12:14:49,46 
logoff de e1201214 sur FST-I37-PC22 le 18/01/2017 a 12:15:05,76 
logoff de e1404959 sur FST-I37-PC16 le 18/01/2017 a 12:15:15,55 
logoff de e1401338 sur FST-I37-PC32 le 18/01/2017 a 12:15:28,34 
logoff de e1401197 sur FST-I37-PC19 le 18/01/2017 a 12:15:29,33 
logoff de e1503230 sur FST-I37-PC36 le 18/01/2017 a 12:15:49,95 
logoff de e1502396 sur FST-I37-PC38 le 18/01/2017 a 12:16:08,18 
logoff de e1500594 sur FST-I37-PC18 le 18/01/2017 a 12:16:11,59 
logoff de e1401196 sur FST-I37-PC25 le 18/01/2017 a 12:16:15,23 
logoff de e1602852 sur FST-I37-PC37 le 18/01/2017 a 12:16:16,82 
logoff de e1502965 sur FST-I37-PC17 le 18/01/2017 a 12:16:28,26 
logoff de e1001027 sur FST-I37-PC12 le 18/01/2017 a 12:16:46,79 
logoff de e1402653 sur FST-I37-PC26 le 18/01/2017 a 12:17:01,86 
logoff de e1202899 sur FST-I37-PC23 le 18/01/2017 a 12:17:14,93 
logoff de e1602866 sur FST-I37-PC39 le 18/01/2017 a 12:17:20,97 
logoff de e1302462 sur FST-I37-PC02 le 18/01/2017 a 12:17:38,22 
logoff de e1602234 sur FST-I37-PC15 le 18/01/2017 a 12:18:46,34 
logoff de e1201066 sur FST-K8-PC08 le 18/01/2017 a 12:22:24,94 
logoff de e1501389 sur FST-K8-PC08 le 18/01/2017 a 12:33:32,59 
logoff de e1501389 sur FST-K8-PC08 le 18/01/2017 a 13:01:36,09 
logoff de e1600678 sur FST-I37-PC31 le 18/01/2017 a 13:03:25,33 
logoff de e1100787 sur FST-I39-PC16 le 18/01/2017 a 13:17:48,81 
logoff de e1400336 sur FST-I37-PC29 le 18/01/2017 a 13:34:02,59 
logoff de e1601481 sur FST-I37-PC28 le 18/01/2017 a 13:36:48,14 
logoff de e1601381 sur FST-I37-PC36 le 18/01/2017 a 13:42:20,70 
logoff de e1400336 sur FST-I37-PC36 le 18/01/2017 a 13:46:03,80 
logoff de e1603035 sur FST-K8-PC03 le 18/01/2017 a 13:47:15,00 
logoff de e1601481 sur FST-I37-PC33 le 18/01/2017 a 14:08:41,45 
logoff de e1400336 sur FST-I37-PC32 le 18/01/2017 a 14:08:43,75 
logoff de e1102256 sur FST-I37-PC02 le 18/01/2017 a 14:15:36,73 
logoff de e1303996 sur FST-I37-PC40 le 18/01/2017 a 14:18:58,83 
logoff de e1502625 sur FST-I39-PC26 le 18/01/2017 a 14:51:46,09 
logoff de e1102256 sur FST-I39-PC22 le 18/01/2017 a 14:55:28,73 
logoff de e1200800 sur FST-I39-PC15 le 18/01/2017 a 14:55:29,38 
logoff de e1103009 sur FST-I39-PC23 le 18/01/2017 a 15:01:00,38 
logoff de e1102256 sur FST-I39-PC01 le 18/01/2017 a 15:01:10,51 
logoff de e1000846 sur FST-I39-PC18 le 18/01/2017 a 15:02:10,10 
logoff de e1503173 sur FST-I39-PC13 le 18/01/2017 a 15:02:16,42 
logoff de e1201045 sur FST-I39-PC20 le 18/01/2017 a 15:02:50,15 
logoff de e1100787 sur FST-I39-PC17 le 18/01/2017 a 15:02:51,26 
logoff de e1200814 sur FST-I39-PC21 le 18/01/2017 a 15:02:56,43 
logoff de e1201677 sur FST-I39-PC16 le 18/01/2017 a 15:03:02,34 
logoff de e0801043 sur FST-I39-PC24 le 18/01/2017 a 15:03:06,02 
logoff de e1001532 sur FST-I39-PC25 le 18/01/2017 a 15:03:41,33 
logoff de e1502779 sur FST-K8-PC08 le 18/01/2017 a 15:33:22,05 
logoff de e1603772 sur FST-K8-PC11 le 18/01/2017 a 15:41:57,14 
logoff de e1401608 sur IUTMGEII103PC01 le 18/01/2017 a 17:02:54,05 
logoff de e1401608 sur IUTMLABELPC0005 le 18/01/2017 a 18:51:43,98 
logoff de e1302500 sur FST-I39-PC27 le 18/01/2017 a 21:00:31,32 
logoff de e1402835 sur FST-I39-PC14 le 18/01/2017 a 21:00:34,33 
logoff de e1503566 sur FST-I39-PC26 le 18/01/2017 a 21:00:37,35 
